<?xml version="1.0" encoding="UTF-8"?>
<!-- Generated by org.testng.reporters.JUnitXMLReporter -->
<testsuite hostname="Kabloom_Mahesh" ignored="0" name="exampletest" tests="4" failures="0" timestamp="16 Jun 2019 16:16:48 GMT" time="0.032" errors="0">
  <testcase name="testMe" time="0.008" classname="com.testngscript.LitTest"/>
  <testcase name="testYou" time="0.001" classname="com.testngscript.MyTest"/>
  <testcase name="testHe" time="0.001" classname="com.testscript.Test3"/>
  <testcase name="pageTest" time="0.0" classname="com.testngscript.PageTest"/>
</testsuite> <!-- exampletest -->
