<?xml version="1.0" encoding="UTF-8"?>
<!-- Generated by org.testng.reporters.JUnitXMLReporter -->
<testsuite hostname="Kabloom_Mahesh" ignored="0" name="mytest" tests="3" failures="0" timestamp="16 Jun 2019 16:04:24 GMT" time="0.006" errors="0">
  <testcase name="testCk" time="0.001" classname="com.testngscript.Test2"/>
  <testcase name="testPk" time="0.001" classname="com.testngscript.Test2"/>
  <testcase name="testYou" time="0.0" classname="com.testngscript.Test2"/>
</testsuite> <!-- mytest -->
