<?xml version="1.0" encoding="UTF-8"?>
<testng-results skipped="0" failed="0" ignored="0" total="1" passed="1">
  <reporter-output>
  </reporter-output>
  <suite name="Default suite" duration-ms="1524" started-at="2019-06-21T12:47:58Z" finished-at="2019-06-21T12:48:00Z">
    <groups>
    </groups>
    <test name="Default test" duration-ms="1524" started-at="2019-06-21T12:47:58Z" finished-at="2019-06-21T12:48:00Z">
      <class name="com.testscript.RestAPIDemo">
        <test-method status="PASS" signature="GetWeatherDetails()[pri:0, instance:com.testscript.RestAPIDemo@64485a47]" name="GetWeatherDetails" duration-ms="1506" started-at="2019-06-21T12:47:58Z" finished-at="2019-06-21T12:48:00Z">
          <reporter-output>
          </reporter-output>
        </test-method> <!-- GetWeatherDetails -->
      </class> <!-- com.testscript.RestAPIDemo -->
    </test> <!-- Default test -->
  </suite> <!-- Default suite -->
</testng-results>
