<?xml version="1.0" encoding="UTF-8"?>
<testng-results skipped="0" failed="0" ignored="0" total="1" passed="1">
  <reporter-output>
  </reporter-output>
  <suite name="Default suite" duration-ms="77" started-at="2019-06-24T11:04:13Z" finished-at="2019-06-24T11:04:13Z">
    <groups>
    </groups>
    <test name="Default test" duration-ms="77" started-at="2019-06-24T11:04:13Z" finished-at="2019-06-24T11:04:13Z">
      <class name="com.testscript.Test3">
        <test-method status="PASS" signature="testHe()[pri:0, instance:com.testscript.Test3@64485a47]" name="testHe" duration-ms="16" started-at="2019-06-24T11:04:13Z" finished-at="2019-06-24T11:04:13Z">
          <reporter-output>
          </reporter-output>
        </test-method> <!-- testHe -->
      </class> <!-- com.testscript.Test3 -->
    </test> <!-- Default test -->
  </suite> <!-- Default suite -->
</testng-results>
